TN:
SF:/home/enrique/Code/OPT-Convertion-Service/index.js
FN:17,(anonymous_0)
FN:39,onMetrics
FN:44,(anonymous_2)
FN:48,(anonymous_3)
FNF:4
FNH:3
FNDA:3,(anonymous_0)
FNDA:5,onMetrics
FNDA:0,(anonymous_2)
FNDA:1,(anonymous_3)
DA:1,1
DA:2,1
DA:3,1
DA:4,1
DA:5,1
DA:6,1
DA:7,1
DA:8,1
DA:10,1
DA:16,1
DA:17,1
DA:18,3
DA:19,0
DA:22,1
DA:29,1
DA:30,1
DA:31,1
DA:32,1
DA:33,1
DA:34,1
DA:36,1
DA:37,1
DA:39,1
DA:41,5
DA:44,1
DA:45,0
DA:48,1
DA:49,1
DA:52,1
LF:29
LH:27
BRDA:18,0,0,0
BRDA:18,0,1,3
BRF:2
BRH:1
end_of_record
TN:
SF:/home/enrique/Code/OPT-Convertion-Service/gateways/opt.js
FN:4,opt2html
FN:7,(anonymous_1)
FN:15,opt2contribution
FN:18,(anonymous_3)
FNF:4
FNH:4
FNDA:4,opt2html
FNDA:3,(anonymous_1)
FNDA:4,opt2contribution
FNDA:3,(anonymous_3)
DA:1,1
DA:2,1
DA:5,4
DA:8,3
DA:9,1
DA:10,1
DA:16,4
DA:19,3
DA:20,1
DA:21,1
DA:26,1
LF:11
LH:11
BRDA:8,0,0,2
BRDA:8,0,1,1
BRDA:19,1,0,2
BRDA:19,1,1,1
BRF:4
BRH:4
end_of_record
TN:
SF:/home/enrique/Code/OPT-Convertion-Service/handlers/converters.js
FN:6,opt2html
FN:8,(anonymous_1)
FN:17,opt2contribution
FN:19,(anonymous_3)
FN:29,opt2bundle
FN:32,(anonymous_5)
FN:35,(anonymous_6)
FN:38,(anonymous_7)
FNF:8
FNH:8
FNDA:2,opt2html
FNDA:2,(anonymous_1)
FNDA:2,opt2contribution
FNDA:2,(anonymous_3)
FNDA:2,opt2bundle
FNDA:2,(anonymous_5)
FNDA:2,(anonymous_6)
FNDA:1,(anonymous_7)
DA:1,1
DA:2,1
DA:3,1
DA:4,1
DA:7,2
DA:8,2
DA:9,2
DA:10,1
DA:11,1
DA:13,1
DA:14,1
DA:18,2
DA:19,2
DA:20,2
DA:21,1
DA:22,1
DA:24,1
DA:25,1
DA:30,2
DA:31,2
DA:33,2
DA:36,2
DA:39,1
DA:40,1
DA:41,1
DA:43,0
DA:44,0
DA:49,1
LF:28
LH:26
BRDA:9,0,0,1
BRDA:9,0,1,1
BRDA:20,1,0,1
BRDA:20,1,1,1
BRDA:39,2,0,1
BRDA:39,2,1,0
BRF:6
BRH:5
end_of_record
TN:
SF:/home/enrique/Code/OPT-Convertion-Service/handlers/utils.js
FN:3,writeOpt
FN:8,(anonymous_1)
FN:18,logRequestPayload
FNF:3
FNH:3
FNDA:6,writeOpt
FNDA:6,(anonymous_1)
FNDA:6,logRequestPayload
DA:1,1
DA:2,1
DA:5,6
DA:6,6
DA:8,6
DA:9,6
DA:10,0
DA:11,0
DA:13,6
DA:19,6
DA:20,6
DA:21,6
DA:23,6
DA:26,1
LF:14
LH:12
BRDA:9,0,0,0
BRDA:9,0,1,6
BRDA:19,1,0,6
BRDA:19,1,1,0
BRF:4
BRH:2
end_of_record
TN:
SF:/home/enrique/Code/OPT-Convertion-Service/helpers/logger.js
FNF:0
FNH:0
DA:1,1
DA:2,1
DA:4,1
LF:3
LH:3
BRF:0
BRH:0
end_of_record
TN:
SF:/home/enrique/Code/OPT-Convertion-Service/helpers/utils.js
FN:1,buildRespose
FNF:1
FNH:1
FNDA:5,buildRespose
DA:2,5
DA:9,1
LF:2
LH:2
BRF:0
BRH:0
end_of_record
TN:
SF:/home/enrique/Code/OPT-Convertion-Service/routes/index.js
FNF:0
FNH:0
DA:1,1
DA:2,1
DA:3,1
DA:5,1
DA:6,1
DA:7,1
DA:8,1
DA:10,1
LF:8
LH:8
BRF:0
BRH:0
end_of_record
